Started GET "/kibans" for 127.0.0.1 at 2019-03-09 01:34:47 +0900
  
ActiveRecord::PendingMigrationError (

Migrations are pending. To resolve this issue, run:

        bin/rails db:migrate RAILS_ENV=development

):
  
activerecord (5.2.2) lib/active_record/migration.rb:579:in `check_pending!'
activerecord (5.2.2) lib/active_record/migration.rb:556:in `call'
actionpack (5.2.2) lib/action_dispatch/middleware/callbacks.rb:28:in `block in call'
activesupport (5.2.2) lib/active_support/callbacks.rb:98:in `run_callbacks'
actionpack (5.2.2) lib/action_dispatch/middleware/callbacks.rb:26:in `call'
actionpack (5.2.2) lib/action_dispatch/middleware/executor.rb:14:in `call'
actionpack (5.2.2) lib/action_dispatch/middleware/debug_exceptions.rb:61:in `call'
web-console (3.7.0) lib/web_console/middleware.rb:135:in `call_app'
web-console (3.7.0) lib/web_console/middleware.rb:30:in `block in call'
web-console (3.7.0) lib/web_console/middleware.rb:20:in `catch'
web-console (3.7.0) lib/web_console/middleware.rb:20:in `call'
actionpack (5.2.2) lib/action_dispatch/middleware/show_exceptions.rb:33:in `call'
railties (5.2.2) lib/rails/rack/logger.rb:38:in `call_app'
railties (5.2.2) lib/rails/rack/logger.rb:26:in `block in call'
activesupport (5.2.2) lib/active_support/tagged_logging.rb:71:in `block in tagged'
activesupport (5.2.2) lib/active_support/tagged_logging.rb:28:in `tagged'
activesupport (5.2.2) lib/active_support/tagged_logging.rb:71:in `tagged'
railties (5.2.2) lib/rails/rack/logger.rb:26:in `call'
sprockets-rails (3.2.1) lib/sprockets/rails/quiet_assets.rb:13:in `call'
actionpack (5.2.2) lib/action_dispatch/middleware/remote_ip.rb:81:in `call'
actionpack (5.2.2) lib/action_dispatch/middleware/request_id.rb:27:in `call'
rack (2.0.6) lib/rack/method_override.rb:22:in `call'
rack (2.0.6) lib/rack/runtime.rb:22:in `call'
activesupport (5.2.2) lib/active_support/cache/strategy/local_cache_middleware.rb:29:in `call'
actionpack (5.2.2) lib/action_dispatch/middleware/executor.rb:14:in `call'
actionpack (5.2.2) lib/action_dispatch/middleware/static.rb:127:in `call'
rack (2.0.6) lib/rack/sendfile.rb:111:in `call'
railties (5.2.2) lib/rails/engine.rb:524:in `call'
puma (3.12.0) lib/puma/configuration.rb:225:in `call'
puma (3.12.0) lib/puma/server.rb:658:in `handle_request'
puma (3.12.0) lib/puma/server.rb:472:in `process_client'
puma (3.12.0) lib/puma/server.rb:332:in `block in run'
puma (3.12.0) lib/puma/thread_pool.rb:133:in `block in spawn_thread'
  [1m[35m (0.1ms)[0m  [1m[35mDROP TABLE IF EXISTS "kibans"[0m
  â†³ db/schema.rb:15
  [1m[35m (0.1ms)[0m  [1m[34mSELECT sqlite_version(*)[0m
  â†³ db/schema.rb:15
  [1m[35m (1.3ms)[0m  [1m[35mCREATE TABLE "kibans" ("id" integer PRIMARY KEY AUTOINCREMENT NOT NULL, "çµŒéæ—¥" integer, "åŸºæ¿å" varchar, "æœ€çµ‚æ³¨æ–‡æ—¥" date, "ãƒ¡ãƒ¼ã‚«ãƒ¼" varchar, "çµ‚äº†" boolean DEFAULT 0, "å‚™è€ƒ" varchar, "æœŸé™é–“è¿‘" boolean DEFAULT 0)[0m
  â†³ db/schema.rb:15
  [1m[35m (0.1ms)[0m  [1m[35mDROP TABLE IF EXISTS "maker_deadlines"[0m
  â†³ db/schema.rb:25
  [1m[35m (1.2ms)[0m  [1m[35mCREATE TABLE "maker_deadlines" ("id" integer PRIMARY KEY AUTOINCREMENT NOT NULL, "ãƒ¡ãƒ¼ã‚«ãƒ¼" varchar, "æœŸé™" integer DEFAULT 2, "created_at" datetime NOT NULL, "updated_at" datetime NOT NULL)[0m
  â†³ db/schema.rb:25
  [1m[35m (1.3ms)[0m  [1m[35mCREATE TABLE "schema_migrations" ("version" varchar NOT NULL PRIMARY KEY)[0m
  â†³ db/schema.rb:13
  [1m[35m (0.3ms)[0m  [1m[34mSELECT "schema_migrations"."version" FROM "schema_migrations" ORDER BY "schema_migrations"."version" ASC[0m
  â†³ db/schema.rb:13
  [1m[35m (0.9ms)[0m  [1m[32mINSERT INTO "schema_migrations" (version) VALUES (20190108100302)[0m
  â†³ db/schema.rb:13
  [1m[35m (1.4ms)[0m  [1m[32mINSERT INTO "schema_migrations" (version) VALUES
(20190108093009);

[0m
  â†³ db/schema.rb:13
  [1m[35m (1.2ms)[0m  [1m[35mCREATE TABLE "ar_internal_metadata" ("key" varchar NOT NULL PRIMARY KEY, "value" varchar, "created_at" datetime NOT NULL, "updated_at" datetime NOT NULL)[0m
  â†³ db/schema.rb:13
  [1m[36mActiveRecord::InternalMetadata Load (0.2ms)[0m  [1m[34mSELECT  "ar_internal_metadata".* FROM "ar_internal_metadata" WHERE "ar_internal_metadata"."key" = ? LIMIT ?[0m  [["key", "environment"], ["LIMIT", 1]]
  â†³ db/schema.rb:13
  [1m[35m (0.0ms)[0m  [1m[36mbegin transaction[0m
  â†³ db/schema.rb:13
  [1m[36mActiveRecord::InternalMetadata Create (1.0ms)[0m  [1m[32mINSERT INTO "ar_internal_metadata" ("key", "value", "created_at", "updated_at") VALUES (?, ?, ?, ?)[0m  [["key", "environment"], ["value", "development"], ["created_at", "2019-03-09 01:35:06.410207"], ["updated_at", "2019-03-09 01:35:06.410207"]]
  â†³ db/schema.rb:13
  [1m[35m (1.0ms)[0m  [1m[36mcommit transaction[0m
  â†³ db/schema.rb:13
  [1m[36mActiveRecord::InternalMetadata Load (0.1ms)[0m  [1m[34mSELECT  "ar_internal_metadata".* FROM "ar_internal_metadata" WHERE "ar_internal_metadata"."key" = ? LIMIT ?[0m  [["key", "environment"], ["LIMIT", 1]]
  â†³ /usr/local/bin/rake:22
  [1m[35m (0.1ms)[0m  [1m[36mbegin transaction[0m
  â†³ /usr/local/bin/rake:22
  [1m[35m (0.0ms)[0m  [1m[36mcommit transaction[0m
  â†³ /usr/local/bin/rake:22
  [1m[35m (0.1ms)[0m  [1m[35mDROP TABLE IF EXISTS "kibans"[0m
  â†³ db/schema.rb:15
  [1m[35m (0.1ms)[0m  [1m[34mSELECT sqlite_version(*)[0m
  â†³ db/schema.rb:15
  [1m[35m (1.6ms)[0m  [1m[35mCREATE TABLE "kibans" ("id" integer PRIMARY KEY AUTOINCREMENT NOT NULL, "çµŒéæ—¥" integer, "åŸºæ¿å" varchar, "æœ€çµ‚æ³¨æ–‡æ—¥" date, "ãƒ¡ãƒ¼ã‚«ãƒ¼" varchar, "çµ‚äº†" boolean DEFAULT 0, "å‚™è€ƒ" varchar, "æœŸé™é–“è¿‘" boolean DEFAULT 0)[0m
  â†³ db/schema.rb:15
  [1m[35m (0.2ms)[0m  [1m[35mDROP TABLE IF EXISTS "maker_deadlines"[0m
  â†³ db/schema.rb:25
  [1m[35m (1.2ms)[0m  [1m[35mCREATE TABLE "maker_deadlines" ("id" integer PRIMARY KEY AUTOINCREMENT NOT NULL, "ãƒ¡ãƒ¼ã‚«ãƒ¼" varchar, "æœŸé™" integer DEFAULT 2, "created_at" datetime NOT NULL, "updated_at" datetime NOT NULL)[0m
  â†³ db/schema.rb:25
  [1m[35m (1.1ms)[0m  [1m[35mCREATE TABLE "schema_migrations" ("version" varchar NOT NULL PRIMARY KEY)[0m
  â†³ db/schema.rb:13
  [1m[35m (0.1ms)[0m  [1m[34mSELECT "schema_migrations"."version" FROM "schema_migrations" ORDER BY "schema_migrations"."version" ASC[0m
  â†³ db/schema.rb:13
  [1m[35m (1.0ms)[0m  [1m[32mINSERT INTO "schema_migrations" (version) VALUES (20190108100302)[0m
  â†³ db/schema.rb:13
  [1m[35m (1.2ms)[0m  [1m[32mINSERT INTO "schema_migrations" (version) VALUES
(20190108093009);

[0m
  â†³ db/schema.rb:13
  [1m[35m (1.3ms)[0m  [1m[35mCREATE TABLE "ar_internal_metadata" ("key" varchar NOT NULL PRIMARY KEY, "value" varchar, "created_at" datetime NOT NULL, "updated_at" datetime NOT NULL)[0m
  â†³ db/schema.rb:13
  [1m[36mActiveRecord::InternalMetadata Load (0.2ms)[0m  [1m[34mSELECT  "ar_internal_metadata".* FROM "ar_internal_metadata" WHERE "ar_internal_metadata"."key" = ? LIMIT ?[0m  [["key", "environment"], ["LIMIT", 1]]
  â†³ db/schema.rb:13
  [1m[35m (0.1ms)[0m  [1m[36mbegin transaction[0m
  â†³ db/schema.rb:13
  [1m[36mActiveRecord::InternalMetadata Create (0.3ms)[0m  [1m[32mINSERT INTO "ar_internal_metadata" ("key", "value", "created_at", "updated_at") VALUES (?, ?, ?, ?)[0m  [["key", "environment"], ["value", "development"], ["created_at", "2019-03-09 01:35:06.433070"], ["updated_at", "2019-03-09 01:35:06.433070"]]
  â†³ db/schema.rb:13
  [1m[35m (1.0ms)[0m  [1m[36mcommit transaction[0m
  â†³ db/schema.rb:13
  [1m[36mActiveRecord::InternalMetadata Load (0.1ms)[0m  [1m[34mSELECT  "ar_internal_metadata".* FROM "ar_internal_metadata" WHERE "ar_internal_metadata"."key" = ? LIMIT ?[0m  [["key", "environment"], ["LIMIT", 1]]
  â†³ /usr/local/bin/rake:22
  [1m[35m (0.1ms)[0m  [1m[36mbegin transaction[0m
  â†³ /usr/local/bin/rake:22
  [1m[36mActiveRecord::InternalMetadata Update (0.4ms)[0m  [1m[33mUPDATE "ar_internal_metadata" SET "value" = ?, "updated_at" = ? WHERE "ar_internal_metadata"."key" = ?[0m  [["value", "test"], ["updated_at", "2019-03-09 01:35:06.436844"], ["key", "environment"]]
  â†³ /usr/local/bin/rake:22
  [1m[35m (1.0ms)[0m  [1m[36mcommit transaction[0m
  â†³ /usr/local/bin/rake:22
  [1m[35m (0.1ms)[0m  [1m[34mSELECT "schema_migrations"."version" FROM "schema_migrations" ORDER BY "schema_migrations"."version" ASC[0m
  â†³ /usr/local/bin/rake:22
Started GET "/kibans" for 127.0.0.1 at 2019-03-09 01:35:15 +0900
  [1m[35m (0.2ms)[0m  [1m[34mSELECT "schema_migrations"."version" FROM "schema_migrations" ORDER BY "schema_migrations"."version" ASC[0m
  â†³ /Library/Ruby/Gems/2.3.0/gems/activerecord-5.2.2/lib/active_record/log_subscriber.rb:98
Processing by KibansController#index as HTML
DEPRECATION WARNING: Dangerous query method (method whose arguments are used as raw SQL) called with non-attribute argument(s): :çµŒéæ—¥. Non-attribute arguments will be disallowed in Rails 6.0. This method should not be called with user-provided values, such as request parameters or model attributes. Known-safe values can be passed by wrapping them in Arel.sql(). (called from index at /Users/satoru/kibans_management/app/controllers/kibans_controller.rb:9)
  [1m[36mKiban Load (0.5ms)[0m  [1m[34mSELECT "kibans".* FROM "kibans" ORDER BY "kibans"."çµŒéæ—¥" DESC[0m
  â†³ app/controllers/kibans_controller.rb:21
DEPRECATION WARNING: Dangerous query method (method whose arguments are used as raw SQL) called with non-attribute argument(s): :çµŒéæ—¥. Non-attribute arguments will be disallowed in Rails 6.0. This method should not be called with user-provided values, such as request parameters or model attributes. Known-safe values can be passed by wrapping them in Arel.sql(). (called from index at /Users/satoru/kibans_management/app/controllers/kibans_controller.rb:36)
  Rendering kibans/index.html.erb within layouts/application
  [1m[36mKiban Load (0.2ms)[0m  [1m[34mSELECT "kibans".* FROM "kibans" WHERE "kibans"."æœŸé™é–“è¿‘" = ? ORDER BY "kibans"."çµŒéæ—¥" DESC[0m  [["æœŸé™é–“è¿‘", 1]]
  â†³ app/views/kibans/_table.html.erb:15
  Rendered kibans/_table.html.erb (3.5ms)
  Rendered kibans/index.html.erb within layouts/application (22.7ms)
Completed 200 OK in 3180ms (Views: 3152.6ms | ActiveRecord: 1.0ms)


Started GET "/kibans/new" for 127.0.0.1 at 2019-03-09 01:35:22 +0900
Processing by KibansController#new as HTML
  Rendering kibans/new.html.erb within layouts/application
DEPRECATION WARNING: Dangerous query method (method whose arguments are used as raw SQL) called with non-attribute argument(s): :ãƒ¡ãƒ¼ã‚«ãƒ¼. Non-attribute arguments will be disallowed in Rails 6.0. This method should not be called with user-provided values, such as request parameters or model attributes. Known-safe values can be passed by wrapping them in Arel.sql(). (called from block in _app_views_kibans__form_html_erb__441229697811455939_70263461487160 at /Users/satoru/kibans_management/app/views/kibans/_form.html.erb:5)
  [1m[36mMakerDeadline Load (0.5ms)[0m  [1m[34mSELECT "maker_deadlines".* FROM "maker_deadlines" ORDER BY "maker_deadlines"."ãƒ¡ãƒ¼ã‚«ãƒ¼" DESC[0m
  â†³ app/views/kibans/_form.html.erb:5
  Rendered kibans/_form.html.erb (110.7ms)
  Rendered kibans/new.html.erb within layouts/application (114.3ms)
Completed 200 OK in 178ms (Views: 164.3ms | ActiveRecord: 1.5ms)


Started GET "/kibans" for 127.0.0.1 at 2019-03-09 01:35:24 +0900
Processing by KibansController#index as HTML
DEPRECATION WARNING: Dangerous query method (method whose arguments are used as raw SQL) called with non-attribute argument(s): :çµŒéæ—¥. Non-attribute arguments will be disallowed in Rails 6.0. This method should not be called with user-provided values, such as request parameters or model attributes. Known-safe values can be passed by wrapping them in Arel.sql(). (called from index at /Users/satoru/kibans_management/app/controllers/kibans_controller.rb:9)
  [1m[36mKiban Load (0.4ms)[0m  [1m[34mSELECT "kibans".* FROM "kibans" ORDER BY "kibans"."çµŒéæ—¥" DESC[0m
  â†³ app/controllers/kibans_controller.rb:21
DEPRECATION WARNING: Dangerous query method (method whose arguments are used as raw SQL) called with non-attribute argument(s): :çµŒéæ—¥. Non-attribute arguments will be disallowed in Rails 6.0. This method should not be called with user-provided values, such as request parameters or model attributes. Known-safe values can be passed by wrapping them in Arel.sql(). (called from index at /Users/satoru/kibans_management/app/controllers/kibans_controller.rb:36)
  Rendering kibans/index.html.erb within layouts/application
  [1m[36mKiban Load (0.3ms)[0m  [1m[34mSELECT "kibans".* FROM "kibans" WHERE "kibans"."æœŸé™é–“è¿‘" = ? ORDER BY "kibans"."çµŒéæ—¥" DESC[0m  [["æœŸé™é–“è¿‘", 1]]
  â†³ app/views/kibans/_table.html.erb:15
  Rendered kibans/_table.html.erb (2.7ms)
  Rendered kibans/index.html.erb within layouts/application (9.2ms)
Completed 200 OK in 125ms (Views: 112.5ms | ActiveRecord: 1.2ms)


Started GET "/maker_deadlines/new" for 127.0.0.1 at 2019-03-09 01:35:25 +0900
Processing by MakerDeadlinesController#new as HTML
  Rendering maker_deadlines/new.html.erb within layouts/application
  Rendered maker_deadlines/_form.html.erb (8.4ms)
  Rendered maker_deadlines/new.html.erb within layouts/application (11.5ms)
Completed 200 OK in 68ms (Views: 58.9ms | ActiveRecord: 0.6ms)


Started POST "/maker_deadlines" for 127.0.0.1 at 2019-03-09 01:35:39 +0900
Processing by MakerDeadlinesController#create as HTML
  Parameters: {"utf8"=>"âœ“", "authenticity_token"=>"tSwEdPt5KvDEZkyHioRYy25lQPh7nUe4OMum/mxvBrGujt6kWZotf0tKONaKR+nfM8QxxmfOWqqKt2osfjAWtA==", "maker_deadline"=>{"ãƒ¡ãƒ¼ã‚«ãƒ¼"=>"ãƒˆãƒ¼ã‚¿ã‚¹", "æœŸé™"=>"2"}, "commit"=>"Create Maker deadline"}
  [1m[35m (0.0ms)[0m  [1m[36mbegin transaction[0m
  â†³ app/controllers/maker_deadlines_controller.rb:30
  [1m[36mMakerDeadline Create (0.4ms)[0m  [1m[32mINSERT INTO "maker_deadlines" ("ãƒ¡ãƒ¼ã‚«ãƒ¼", "created_at", "updated_at") VALUES (?, ?, ?)[0m  [["ãƒ¡ãƒ¼ã‚«ãƒ¼", "ãƒˆãƒ¼ã‚¿ã‚¹"], ["created_at", "2019-03-09 01:35:39.155379"], ["updated_at", "2019-03-09 01:35:39.155379"]]
  â†³ app/controllers/maker_deadlines_controller.rb:30
  [1m[35m (1.1ms)[0m  [1m[36mcommit transaction[0m
  â†³ app/controllers/maker_deadlines_controller.rb:30
Redirected to http://localhost:3000/maker_deadlines/1
Completed 302 Found in 14ms (ActiveRecord: 2.1ms)


Started GET "/maker_deadlines/1" for 127.0.0.1 at 2019-03-09 01:35:39 +0900
Processing by MakerDeadlinesController#show as HTML
  Parameters: {"id"=>"1"}
  [1m[36mMakerDeadline Load (0.1ms)[0m  [1m[34mSELECT  "maker_deadlines".* FROM "maker_deadlines" WHERE "maker_deadlines"."id" = ? LIMIT ?[0m  [["id", 1], ["LIMIT", 1]]
  â†³ app/controllers/maker_deadlines_controller.rb:67
  Rendering maker_deadlines/show.html.erb within layouts/application
  Rendered maker_deadlines/show.html.erb within layouts/application (3.9ms)
Completed 200 OK in 75ms (Views: 62.9ms | ActiveRecord: 0.6ms)


Started GET "/maker_deadlines" for 127.0.0.1 at 2019-03-09 01:35:40 +0900
Processing by MakerDeadlinesController#index as HTML
  Rendering maker_deadlines/index.html.erb within layouts/application
  [1m[36mMakerDeadline Load (0.2ms)[0m  [1m[34mSELECT "maker_deadlines".* FROM "maker_deadlines" ORDER BY "maker_deadlines"."id" DESC[0m
  â†³ app/views/maker_deadlines/index.html.erb:33
  Rendered maker_deadlines/index.html.erb within layouts/application (9.3ms)
Completed 200 OK in 62ms (Views: 57.2ms | ActiveRecord: 0.8ms)


Started GET "/resources/demos/style.css" for 127.0.0.1 at 2019-03-09 01:35:40 +0900
  
ActionController::RoutingError (No route matches [GET] "/resources/demos/style.css"):
  
actionpack (5.2.2) lib/action_dispatch/middleware/debug_exceptions.rb:65:in `call'
web-console (3.7.0) lib/web_console/middleware.rb:135:in `call_app'
web-console (3.7.0) lib/web_console/middleware.rb:30:in `block in call'
web-console (3.7.0) lib/web_console/middleware.rb:20:in `catch'
web-console (3.7.0) lib/web_console/middleware.rb:20:in `call'
actionpack (5.2.2) lib/action_dispatch/middleware/show_exceptions.rb:33:in `call'
railties (5.2.2) lib/rails/rack/logger.rb:38:in `call_app'
railties (5.2.2) lib/rails/rack/logger.rb:26:in `block in call'
activesupport (5.2.2) lib/active_support/tagged_logging.rb:71:in `block in tagged'
activesupport (5.2.2) lib/active_support/tagged_logging.rb:28:in `tagged'
activesupport (5.2.2) lib/active_support/tagged_logging.rb:71:in `tagged'
railties (5.2.2) lib/rails/rack/logger.rb:26:in `call'
sprockets-rails (3.2.1) lib/sprockets/rails/quiet_assets.rb:13:in `call'
actionpack (5.2.2) lib/action_dispatch/middleware/remote_ip.rb:81:in `call'
actionpack (5.2.2) lib/action_dispatch/middleware/request_id.rb:27:in `call'
rack (2.0.6) lib/rack/method_override.rb:22:in `call'
rack (2.0.6) lib/rack/runtime.rb:22:in `call'
activesupport (5.2.2) lib/active_support/cache/strategy/local_cache_middleware.rb:29:in `call'
actionpack (5.2.2) lib/action_dispatch/middleware/executor.rb:14:in `call'
actionpack (5.2.2) lib/action_dispatch/middleware/static.rb:127:in `call'
rack (2.0.6) lib/rack/sendfile.rb:111:in `call'
railties (5.2.2) lib/rails/engine.rb:524:in `call'
puma (3.12.0) lib/puma/configuration.rb:225:in `call'
puma (3.12.0) lib/puma/server.rb:658:in `handle_request'
puma (3.12.0) lib/puma/server.rb:472:in `process_client'
puma (3.12.0) lib/puma/server.rb:332:in `block in run'
puma (3.12.0) lib/puma/thread_pool.rb:133:in `block in spawn_thread'
Started GET "/maker_deadlines/new" for 127.0.0.1 at 2019-03-09 01:35:42 +0900
Processing by MakerDeadlinesController#new as HTML
  Rendering maker_deadlines/new.html.erb within layouts/application
  Rendered maker_deadlines/_form.html.erb (4.9ms)
  Rendered maker_deadlines/new.html.erb within layouts/application (7.6ms)
Completed 200 OK in 56ms (Views: 49.1ms | ActiveRecord: 0.5ms)


Started POST "/maker_deadlines" for 127.0.0.1 at 2019-03-09 01:35:46 +0900
Processing by MakerDeadlinesController#create as HTML
  Parameters: {"utf8"=>"âœ“", "authenticity_token"=>"KaLfA3fXn0mom526XDxftTdQBtZnDVmS2VyNyDQ+HBQyAAXT1TSYxie36etc/+6havF36HteRIBrIEEaJmEMEQ==", "maker_deadline"=>{"ãƒ¡ãƒ¼ã‚«ãƒ¼"=>"é ˆç£¨é›»å­", "æœŸé™"=>"5"}, "commit"=>"Create Maker deadline"}
  [1m[35m (0.1ms)[0m  [1m[36mbegin transaction[0m
  â†³ app/controllers/maker_deadlines_controller.rb:30
  [1m[36mMakerDeadline Create (0.4ms)[0m  [1m[32mINSERT INTO "maker_deadlines" ("ãƒ¡ãƒ¼ã‚«ãƒ¼", "æœŸé™", "created_at", "updated_at") VALUES (?, ?, ?, ?)[0m  [["ãƒ¡ãƒ¼ã‚«ãƒ¼", "é ˆç£¨é›»å­"], ["æœŸé™", 5], ["created_at", "2019-03-09 01:35:46.939694"], ["updated_at", "2019-03-09 01:35:46.939694"]]
  â†³ app/controllers/maker_deadlines_controller.rb:30
  [1m[35m (0.8ms)[0m  [1m[36mcommit transaction[0m
  â†³ app/controllers/maker_deadlines_controller.rb:30
Redirected to http://localhost:3000/maker_deadlines/2
Completed 302 Found in 17ms (ActiveRecord: 2.2ms)


Started GET "/maker_deadlines/2" for 127.0.0.1 at 2019-03-09 01:35:46 +0900
Processing by MakerDeadlinesController#show as HTML
  Parameters: {"id"=>"2"}
  [1m[36mMakerDeadline Load (0.1ms)[0m  [1m[34mSELECT  "maker_deadlines".* FROM "maker_deadlines" WHERE "maker_deadlines"."id" = ? LIMIT ?[0m  [["id", 2], ["LIMIT", 1]]
  â†³ app/controllers/maker_deadlines_controller.rb:67
  Rendering maker_deadlines/show.html.erb within layouts/application
  Rendered maker_deadlines/show.html.erb within layouts/application (5.0ms)
Completed 200 OK in 67ms (Views: 57.7ms | ActiveRecord: 0.7ms)


Started GET "/maker_deadlines" for 127.0.0.1 at 2019-03-09 01:35:47 +0900
Processing by MakerDeadlinesController#index as HTML
  Rendering maker_deadlines/index.html.erb within layouts/application
  [1m[36mMakerDeadline Load (0.2ms)[0m  [1m[34mSELECT "maker_deadlines".* FROM "maker_deadlines" ORDER BY "maker_deadlines"."id" DESC[0m
  â†³ app/views/maker_deadlines/index.html.erb:33
  Rendered maker_deadlines/index.html.erb within layouts/application (10.7ms)
Completed 200 OK in 60ms (Views: 54.6ms | ActiveRecord: 0.6ms)


Started GET "/resources/demos/style.css" for 127.0.0.1 at 2019-03-09 01:35:48 +0900
  
ActionController::RoutingError (No route matches [GET] "/resources/demos/style.css"):
  
actionpack (5.2.2) lib/action_dispatch/middleware/debug_exceptions.rb:65:in `call'
web-console (3.7.0) lib/web_console/middleware.rb:135:in `call_app'
web-console (3.7.0) lib/web_console/middleware.rb:30:in `block in call'
web-console (3.7.0) lib/web_console/middleware.rb:20:in `catch'
web-console (3.7.0) lib/web_console/middleware.rb:20:in `call'
actionpack (5.2.2) lib/action_dispatch/middleware/show_exceptions.rb:33:in `call'
railties (5.2.2) lib/rails/rack/logger.rb:38:in `call_app'
railties (5.2.2) lib/rails/rack/logger.rb:26:in `block in call'
activesupport (5.2.2) lib/active_support/tagged_logging.rb:71:in `block in tagged'
activesupport (5.2.2) lib/active_support/tagged_logging.rb:28:in `tagged'
activesupport (5.2.2) lib/active_support/tagged_logging.rb:71:in `tagged'
railties (5.2.2) lib/rails/rack/logger.rb:26:in `call'
sprockets-rails (3.2.1) lib/sprockets/rails/quiet_assets.rb:13:in `call'
actionpack (5.2.2) lib/action_dispatch/middleware/remote_ip.rb:81:in `call'
actionpack (5.2.2) lib/action_dispatch/middleware/request_id.rb:27:in `call'
rack (2.0.6) lib/rack/method_override.rb:22:in `call'
rack (2.0.6) lib/rack/runtime.rb:22:in `call'
activesupport (5.2.2) lib/active_support/cache/strategy/local_cache_middleware.rb:29:in `call'
actionpack (5.2.2) lib/action_dispatch/middleware/executor.rb:14:in `call'
actionpack (5.2.2) lib/action_dispatch/middleware/static.rb:127:in `call'
rack (2.0.6) lib/rack/sendfile.rb:111:in `call'
railties (5.2.2) lib/rails/engine.rb:524:in `call'
puma (3.12.0) lib/puma/configuration.rb:225:in `call'
puma (3.12.0) lib/puma/server.rb:658:in `handle_request'
puma (3.12.0) lib/puma/server.rb:472:in `process_client'
puma (3.12.0) lib/puma/server.rb:332:in `block in run'
puma (3.12.0) lib/puma/thread_pool.rb:133:in `block in spawn_thread'
Started GET "/maker_deadlines/new" for 127.0.0.1 at 2019-03-09 01:35:49 +0900
Processing by MakerDeadlinesController#new as HTML
  Rendering maker_deadlines/new.html.erb within layouts/application
  Rendered maker_deadlines/_form.html.erb (7.3ms)
  Rendered maker_deadlines/new.html.erb within layouts/application (10.3ms)
Completed 200 OK in 68ms (Views: 61.1ms | ActiveRecord: 0.5ms)


Started POST "/maker_deadlines" for 127.0.0.1 at 2019-03-09 01:35:53 +0900
Processing by MakerDeadlinesController#create as HTML
  Parameters: {"utf8"=>"âœ“", "authenticity_token"=>"o/z6SmA/mG0nxgu2Rp4t/WU8qivx944E2fq1HD2CoeO4XiCawtyf4qjqf+dGXZzpOJ3bFe2kkxZrhnnOL92x5g==", "maker_deadline"=>{"ãƒ¡ãƒ¼ã‚«ãƒ¼"=>"Pæ¿.com", "æœŸé™"=>"0"}, "commit"=>"Create Maker deadline"}
  [1m[35m (0.0ms)[0m  [1m[36mbegin transaction[0m
  â†³ app/controllers/maker_deadlines_controller.rb:30
  [1m[36mMakerDeadline Create (0.3ms)[0m  [1m[32mINSERT INTO "maker_deadlines" ("ãƒ¡ãƒ¼ã‚«ãƒ¼", "æœŸé™", "created_at", "updated_at") VALUES (?, ?, ?, ?)[0m  [["ãƒ¡ãƒ¼ã‚«ãƒ¼", "Pæ¿.com"], ["æœŸé™", 0], ["created_at", "2019-03-09 01:35:53.565219"], ["updated_at", "2019-03-09 01:35:53.565219"]]
  â†³ app/controllers/maker_deadlines_controller.rb:30
  [1m[35m (2.7ms)[0m  [1m[36mcommit transaction[0m
  â†³ app/controllers/maker_deadlines_controller.rb:30
Redirected to http://localhost:3000/maker_deadlines/3
Completed 302 Found in 12ms (ActiveRecord: 3.7ms)


Started GET "/maker_deadlines/3" for 127.0.0.1 at 2019-03-09 01:35:53 +0900
Processing by MakerDeadlinesController#show as HTML
  Parameters: {"id"=>"3"}
  [1m[36mMakerDeadline Load (0.2ms)[0m  [1m[34mSELECT  "maker_deadlines".* FROM "maker_deadlines" WHERE "maker_deadlines"."id" = ? LIMIT ?[0m  [["id", 3], ["LIMIT", 1]]
  â†³ app/controllers/maker_deadlines_controller.rb:67
  Rendering maker_deadlines/show.html.erb within layouts/application
  Rendered maker_deadlines/show.html.erb within layouts/application (5.3ms)
Completed 200 OK in 73ms (Views: 61.8ms | ActiveRecord: 0.9ms)


Started GET "/maker_deadlines" for 127.0.0.1 at 2019-03-09 01:35:54 +0900
Processing by MakerDeadlinesController#index as HTML
  Rendering maker_deadlines/index.html.erb within layouts/application
  [1m[36mMakerDeadline Load (0.2ms)[0m  [1m[34mSELECT "maker_deadlines".* FROM "maker_deadlines" ORDER BY "maker_deadlines"."id" DESC[0m
  â†³ app/views/maker_deadlines/index.html.erb:33
  Rendered maker_deadlines/index.html.erb within layouts/application (6.8ms)
Completed 200 OK in 58ms (Views: 54.6ms | ActiveRecord: 0.6ms)


Started GET "/resources/demos/style.css" for 127.0.0.1 at 2019-03-09 01:35:54 +0900
  
ActionController::RoutingError (No route matches [GET] "/resources/demos/style.css"):
  
actionpack (5.2.2) lib/action_dispatch/middleware/debug_exceptions.rb:65:in `call'
web-console (3.7.0) lib/web_console/middleware.rb:135:in `call_app'
web-console (3.7.0) lib/web_console/middleware.rb:30:in `block in call'
web-console (3.7.0) lib/web_console/middleware.rb:20:in `catch'
web-console (3.7.0) lib/web_console/middleware.rb:20:in `call'
actionpack (5.2.2) lib/action_dispatch/middleware/show_exceptions.rb:33:in `call'
railties (5.2.2) lib/rails/rack/logger.rb:38:in `call_app'
railties (5.2.2) lib/rails/rack/logger.rb:26:in `block in call'
activesupport (5.2.2) lib/active_support/tagged_logging.rb:71:in `block in tagged'
activesupport (5.2.2) lib/active_support/tagged_logging.rb:28:in `tagged'
activesupport (5.2.2) lib/active_support/tagged_logging.rb:71:in `tagged'
railties (5.2.2) lib/rails/rack/logger.rb:26:in `call'
sprockets-rails (3.2.1) lib/sprockets/rails/quiet_assets.rb:13:in `call'
actionpack (5.2.2) lib/action_dispatch/middleware/remote_ip.rb:81:in `call'
actionpack (5.2.2) lib/action_dispatch/middleware/request_id.rb:27:in `call'
rack (2.0.6) lib/rack/method_override.rb:22:in `call'
rack (2.0.6) lib/rack/runtime.rb:22:in `call'
activesupport (5.2.2) lib/active_support/cache/strategy/local_cache_middleware.rb:29:in `call'
actionpack (5.2.2) lib/action_dispatch/middleware/executor.rb:14:in `call'
actionpack (5.2.2) lib/action_dispatch/middleware/static.rb:127:in `call'
rack (2.0.6) lib/rack/sendfile.rb:111:in `call'
railties (5.2.2) lib/rails/engine.rb:524:in `call'
puma (3.12.0) lib/puma/configuration.rb:225:in `call'
puma (3.12.0) lib/puma/server.rb:658:in `handle_request'
puma (3.12.0) lib/puma/server.rb:472:in `process_client'
puma (3.12.0) lib/puma/server.rb:332:in `block in run'
puma (3.12.0) lib/puma/thread_pool.rb:133:in `block in spawn_thread'
Started GET "/kibans" for 127.0.0.1 at 2019-03-09 01:35:59 +0900
Processing by KibansController#index as HTML
DEPRECATION WARNING: Dangerous query method (method whose arguments are used as raw SQL) called with non-attribute argument(s): :çµŒéæ—¥. Non-attribute arguments will be disallowed in Rails 6.0. This method should not be called with user-provided values, such as request parameters or model attributes. Known-safe values can be passed by wrapping them in Arel.sql(). (called from index at /Users/satoru/kibans_management/app/controllers/kibans_controller.rb:9)
  [1m[36mKiban Load (0.4ms)[0m  [1m[34mSELECT "kibans".* FROM "kibans" ORDER BY "kibans"."çµŒéæ—¥" DESC[0m
  â†³ app/controllers/kibans_controller.rb:21
DEPRECATION WARNING: Dangerous query method (method whose arguments are used as raw SQL) called with non-attribute argument(s): :çµŒéæ—¥. Non-attribute arguments will be disallowed in Rails 6.0. This method should not be called with user-provided values, such as request parameters or model attributes. Known-safe values can be passed by wrapping them in Arel.sql(). (called from index at /Users/satoru/kibans_management/app/controllers/kibans_controller.rb:36)
  Rendering kibans/index.html.erb within layouts/application
  [1m[36mKiban Load (0.2ms)[0m  [1m[34mSELECT "kibans".* FROM "kibans" WHERE "kibans"."æœŸé™é–“è¿‘" = ? ORDER BY "kibans"."çµŒéæ—¥" DESC[0m  [["æœŸé™é–“è¿‘", 1]]
  â†³ app/views/kibans/_table.html.erb:15
  Rendered kibans/_table.html.erb (2.0ms)
  Rendered kibans/index.html.erb within layouts/application (8.2ms)
Completed 200 OK in 64ms (Views: 57.1ms | ActiveRecord: 0.8ms)


Started GET "/kibans/new" for 127.0.0.1 at 2019-03-09 01:36:01 +0900
Processing by KibansController#new as HTML
  Rendering kibans/new.html.erb within layouts/application
DEPRECATION WARNING: Dangerous query method (method whose arguments are used as raw SQL) called with non-attribute argument(s): :ãƒ¡ãƒ¼ã‚«ãƒ¼. Non-attribute arguments will be disallowed in Rails 6.0. This method should not be called with user-provided values, such as request parameters or model attributes. Known-safe values can be passed by wrapping them in Arel.sql(). (called from block in _app_views_kibans__form_html_erb__441229697811455939_70263505836440 at /Users/satoru/kibans_management/app/views/kibans/_form.html.erb:5)
  [1m[36mMakerDeadline Load (0.2ms)[0m  [1m[34mSELECT "maker_deadlines".* FROM "maker_deadlines" ORDER BY "maker_deadlines"."ãƒ¡ãƒ¼ã‚«ãƒ¼" DESC[0m
  â†³ app/views/kibans/_form.html.erb:5
  Rendered kibans/_form.html.erb (15.7ms)
  Rendered kibans/new.html.erb within layouts/application (19.2ms)
Completed 200 OK in 73ms (Views: 61.8ms | ActiveRecord: 1.2ms)


Started POST "/kibans" for 127.0.0.1 at 2019-03-09 01:36:17 +0900
Processing by KibansController#create as HTML
  Parameters: {"utf8"=>"âœ“", "authenticity_token"=>"SEFPOmwlh+HkmuSAMMBYhjN1BIteySTLC/vp3pHZpOf9jquuL869279UiHaRZlgg605haiJzT8IjlcL8YvALKA==", "kiban"=>{"åŸºæ¿å"=>"09876", "æœ€çµ‚æ³¨æ–‡æ—¥(1i)"=>"2015", "æœ€çµ‚æ³¨æ–‡æ—¥(2i)"=>"11", "æœ€çµ‚æ³¨æ–‡æ—¥(3i)"=>"9", "ãƒ¡ãƒ¼ã‚«ãƒ¼"=>"é ˆç£¨é›»å­", "çµ‚äº†"=>"0", "å‚™è€ƒ"=>""}, "commit"=>"Create Kiban"}
  [1m[36mMakerDeadline Load (0.3ms)[0m  [1m[34mSELECT  "maker_deadlines".* FROM "maker_deadlines" WHERE "maker_deadlines"."ãƒ¡ãƒ¼ã‚«ãƒ¼" = ? LIMIT ?[0m  [["ãƒ¡ãƒ¼ã‚«ãƒ¼", "é ˆç£¨é›»å­"], ["LIMIT", 1]]
  â†³ app/controllers/kibans_controller.rb:66
  [1m[35m (0.0ms)[0m  [1m[36mbegin transaction[0m
  â†³ app/controllers/kibans_controller.rb:70
  [1m[36mKiban Create (0.3ms)[0m  [1m[32mINSERT INTO "kibans" ("çµŒéæ—¥", "åŸºæ¿å", "æœ€çµ‚æ³¨æ–‡æ—¥", "ãƒ¡ãƒ¼ã‚«ãƒ¼", "å‚™è€ƒ") VALUES (?, ?, ?, ?, ?)[0m  [["çµŒéæ—¥", 609], ["åŸºæ¿å", "09876"], ["æœ€çµ‚æ³¨æ–‡æ—¥", "2015-11-09"], ["ãƒ¡ãƒ¼ã‚«ãƒ¼", "é ˆç£¨é›»å­"], ["å‚™è€ƒ", ""]]
  â†³ app/controllers/kibans_controller.rb:70
  [1m[35m (3.0ms)[0m  [1m[36mcommit transaction[0m
  â†³ app/controllers/kibans_controller.rb:70
Redirected to http://localhost:3000/kibans/1
Completed 302 Found in 27ms (ActiveRecord: 5.0ms)


Started GET "/kibans/1" for 127.0.0.1 at 2019-03-09 01:36:17 +0900
Processing by KibansController#show as HTML
  Parameters: {"id"=>"1"}
  [1m[36mKiban Load (0.1ms)[0m  [1m[34mSELECT  "kibans".* FROM "kibans" WHERE "kibans"."id" = ? LIMIT ?[0m  [["id", 1], ["LIMIT", 1]]
  â†³ app/controllers/kibans_controller.rb:107
  Rendering kibans/show.html.erb within layouts/application
  Rendered kibans/show.html.erb within layouts/application (2.9ms)
Completed 200 OK in 62ms (Views: 47.6ms | ActiveRecord: 0.6ms)


Started GET "/kibans" for 127.0.0.1 at 2019-03-09 01:36:18 +0900
Processing by KibansController#index as HTML
DEPRECATION WARNING: Dangerous query method (method whose arguments are used as raw SQL) called with non-attribute argument(s): :çµŒéæ—¥. Non-attribute arguments will be disallowed in Rails 6.0. This method should not be called with user-provided values, such as request parameters or model attributes. Known-safe values can be passed by wrapping them in Arel.sql(). (called from index at /Users/satoru/kibans_management/app/controllers/kibans_controller.rb:9)
  [1m[36mKiban Load (1.5ms)[0m  [1m[34mSELECT "kibans".* FROM "kibans" ORDER BY "kibans"."çµŒéæ—¥" DESC[0m
  â†³ app/controllers/kibans_controller.rb:21
  [1m[36mMakerDeadline Load (0.1ms)[0m  [1m[34mSELECT  "maker_deadlines".* FROM "maker_deadlines" WHERE "maker_deadlines"."ãƒ¡ãƒ¼ã‚«ãƒ¼" = ? LIMIT ?[0m  [["ãƒ¡ãƒ¼ã‚«ãƒ¼", "é ˆç£¨é›»å­"], ["LIMIT", 1]]
  â†³ app/controllers/kibans_controller.rb:22
  [1m[35m (0.0ms)[0m  [1m[36mbegin transaction[0m
  â†³ app/controllers/kibans_controller.rb:24
  [1m[35m (0.0ms)[0m  [1m[36mcommit transaction[0m
  â†³ app/controllers/kibans_controller.rb:24
  [1m[35m (0.0ms)[0m  [1m[36mbegin transaction[0m
  â†³ app/controllers/kibans_controller.rb:26
  [1m[35m (0.0ms)[0m  [1m[36mcommit transaction[0m
  â†³ app/controllers/kibans_controller.rb:26
DEPRECATION WARNING: Dangerous query method (method whose arguments are used as raw SQL) called with non-attribute argument(s): :çµŒéæ—¥. Non-attribute arguments will be disallowed in Rails 6.0. This method should not be called with user-provided values, such as request parameters or model attributes. Known-safe values can be passed by wrapping them in Arel.sql(). (called from index at /Users/satoru/kibans_management/app/controllers/kibans_controller.rb:36)
  Rendering kibans/index.html.erb within layouts/application
  [1m[36mKiban Load (0.2ms)[0m  [1m[34mSELECT "kibans".* FROM "kibans" WHERE "kibans"."æœŸé™é–“è¿‘" = ? ORDER BY "kibans"."çµŒéæ—¥" DESC[0m  [["æœŸé™é–“è¿‘", 1]]
  â†³ app/views/kibans/_table.html.erb:15
  Rendered kibans/_table.html.erb (1.5ms)
  Rendered kibans/index.html.erb within layouts/application (4.7ms)
Completed 200 OK in 66ms (Views: 46.8ms | ActiveRecord: 3.0ms)


Started GET "/kibans/new" for 127.0.0.1 at 2019-03-09 01:36:19 +0900
Processing by KibansController#new as HTML
  Rendering kibans/new.html.erb within layouts/application
DEPRECATION WARNING: Dangerous query method (method whose arguments are used as raw SQL) called with non-attribute argument(s): :ãƒ¡ãƒ¼ã‚«ãƒ¼. Non-attribute arguments will be disallowed in Rails 6.0. This method should not be called with user-provided values, such as request parameters or model attributes. Known-safe values can be passed by wrapping them in Arel.sql(). (called from block in _app_views_kibans__form_html_erb__441229697811455939_70263513783340 at /Users/satoru/kibans_management/app/views/kibans/_form.html.erb:5)
  [1m[36mMakerDeadline Load (0.2ms)[0m  [1m[34mSELECT "maker_deadlines".* FROM "maker_deadlines" ORDER BY "maker_deadlines"."ãƒ¡ãƒ¼ã‚«ãƒ¼" DESC[0m
  â†³ app/views/kibans/_form.html.erb:5
  Rendered kibans/_form.html.erb (13.4ms)
  Rendered kibans/new.html.erb within layouts/application (16.1ms)
Completed 200 OK in 63ms (Views: 53.5ms | ActiveRecord: 1.0ms)


Started POST "/kibans" for 127.0.0.1 at 2019-03-09 01:36:28 +0900
Processing by KibansController#create as HTML
  Parameters: {"utf8"=>"âœ“", "authenticity_token"=>"2d3pJ52TRFfX0A037gaJWJmrR9lRkuEz13DHy+lh9k1sEg2z3nh+bYweYcFPoIn+QZAiOC0oijr/HuzpGkhZgg==", "kiban"=>{"åŸºæ¿å"=>"", "æœ€çµ‚æ³¨æ–‡æ—¥(1i)"=>"2017", "æœ€çµ‚æ³¨æ–‡æ—¥(2i)"=>"2", "æœ€çµ‚æ³¨æ–‡æ—¥(3i)"=>"9", "ãƒ¡ãƒ¼ã‚«ãƒ¼"=>"ãƒˆãƒ¼ã‚¿ã‚¹", "çµ‚äº†"=>"0", "å‚™è€ƒ"=>""}, "commit"=>"Create Kiban"}
  [1m[36mMakerDeadline Load (0.2ms)[0m  [1m[34mSELECT  "maker_deadlines".* FROM "maker_deadlines" WHERE "maker_deadlines"."ãƒ¡ãƒ¼ã‚«ãƒ¼" = ? LIMIT ?[0m  [["ãƒ¡ãƒ¼ã‚«ãƒ¼", "ãƒˆãƒ¼ã‚¿ã‚¹"], ["LIMIT", 1]]
  â†³ app/controllers/kibans_controller.rb:66
  [1m[35m (0.0ms)[0m  [1m[36mbegin transaction[0m
  â†³ app/controllers/kibans_controller.rb:70
  [1m[35m (0.0ms)[0m  [1m[31mrollback transaction[0m
  â†³ app/controllers/kibans_controller.rb:70
  Rendering kibans/new.html.erb within layouts/application
DEPRECATION WARNING: Dangerous query method (method whose arguments are used as raw SQL) called with non-attribute argument(s): :ãƒ¡ãƒ¼ã‚«ãƒ¼. Non-attribute arguments will be disallowed in Rails 6.0. This method should not be called with user-provided values, such as request parameters or model attributes. Known-safe values can be passed by wrapping them in Arel.sql(). (called from block in _app_views_kibans__form_html_erb__441229697811455939_70263527185180 at /Users/satoru/kibans_management/app/views/kibans/_form.html.erb:5)
  [1m[36mMakerDeadline Load (0.2ms)[0m  [1m[34mSELECT "maker_deadlines".* FROM "maker_deadlines" ORDER BY "maker_deadlines"."ãƒ¡ãƒ¼ã‚«ãƒ¼" DESC[0m
  â†³ app/views/kibans/_form.html.erb:5
  Rendered kibans/_form.html.erb (10.5ms)
  Rendered kibans/new.html.erb within layouts/application (12.6ms)
Completed 200 OK in 96ms (Views: 74.5ms | ActiveRecord: 1.6ms)


Started POST "/kibans" for 127.0.0.1 at 2019-03-09 01:36:31 +0900
Processing by KibansController#create as HTML
  Parameters: {"utf8"=>"âœ“", "authenticity_token"=>"A9pUHfLNKCcjBthkFa+eow3KM3j/fjxdQ1uy0owcvzDa3c78Gcn5fs9IxUgn3MuziOb2D1iDaMAVjBBn1nh+Pg==", "kiban"=>{"åŸºæ¿å"=>"23456789", "æœ€çµ‚æ³¨æ–‡æ—¥(1i)"=>"2017", "æœ€çµ‚æ³¨æ–‡æ—¥(2i)"=>"2", "æœ€çµ‚æ³¨æ–‡æ—¥(3i)"=>"9", "ãƒ¡ãƒ¼ã‚«ãƒ¼"=>"ãƒˆãƒ¼ã‚¿ã‚¹", "çµ‚äº†"=>"0", "å‚™è€ƒ"=>""}, "commit"=>"Create Kiban"}
  [1m[36mMakerDeadline Load (0.2ms)[0m  [1m[34mSELECT  "maker_deadlines".* FROM "maker_deadlines" WHERE "maker_deadlines"."ãƒ¡ãƒ¼ã‚«ãƒ¼" = ? LIMIT ?[0m  [["ãƒ¡ãƒ¼ã‚«ãƒ¼", "ãƒˆãƒ¼ã‚¿ã‚¹"], ["LIMIT", 1]]
  â†³ app/controllers/kibans_controller.rb:66
  [1m[35m (0.0ms)[0m  [1m[36mbegin transaction[0m
  â†³ app/controllers/kibans_controller.rb:70
  [1m[36mKiban Create (0.3ms)[0m  [1m[32mINSERT INTO "kibans" ("çµŒéæ—¥", "åŸºæ¿å", "æœ€çµ‚æ³¨æ–‡æ—¥", "ãƒ¡ãƒ¼ã‚«ãƒ¼", "å‚™è€ƒ") VALUES (?, ?, ?, ?, ?)[0m  [["çµŒéæ—¥", -28], ["åŸºæ¿å", "23456789"], ["æœ€çµ‚æ³¨æ–‡æ—¥", "2017-02-09"], ["ãƒ¡ãƒ¼ã‚«ãƒ¼", "ãƒˆãƒ¼ã‚¿ã‚¹"], ["å‚™è€ƒ", ""]]
  â†³ app/controllers/kibans_controller.rb:70
  [1m[35m (3.0ms)[0m  [1m[36mcommit transaction[0m
  â†³ app/controllers/kibans_controller.rb:70
Redirected to http://localhost:3000/kibans/2
Completed 302 Found in 24ms (ActiveRecord: 4.4ms)


Started GET "/kibans/2" for 127.0.0.1 at 2019-03-09 01:36:31 +0900
Processing by KibansController#show as HTML
  Parameters: {"id"=>"2"}
  [1m[36mKiban Load (0.2ms)[0m  [1m[34mSELECT  "kibans".* FROM "kibans" WHERE "kibans"."id" = ? LIMIT ?[0m  [["id", 2], ["LIMIT", 1]]
  â†³ app/controllers/kibans_controller.rb:107
  Rendering kibans/show.html.erb within layouts/application
  Rendered kibans/show.html.erb within layouts/application (3.1ms)
Completed 200 OK in 67ms (Views: 52.5ms | ActiveRecord: 0.9ms)


Started GET "/kibans" for 127.0.0.1 at 2019-03-09 01:36:32 +0900
Processing by KibansController#index as HTML
DEPRECATION WARNING: Dangerous query method (method whose arguments are used as raw SQL) called with non-attribute argument(s): :çµŒéæ—¥. Non-attribute arguments will be disallowed in Rails 6.0. This method should not be called with user-provided values, such as request parameters or model attributes. Known-safe values can be passed by wrapping them in Arel.sql(). (called from index at /Users/satoru/kibans_management/app/controllers/kibans_controller.rb:9)
  [1m[36mKiban Load (0.2ms)[0m  [1m[34mSELECT "kibans".* FROM "kibans" ORDER BY "kibans"."çµŒéæ—¥" DESC[0m
  â†³ app/controllers/kibans_controller.rb:21
  [1m[36mMakerDeadline Load (0.5ms)[0m  [1m[34mSELECT  "maker_deadlines".* FROM "maker_deadlines" WHERE "maker_deadlines"."ãƒ¡ãƒ¼ã‚«ãƒ¼" = ? LIMIT ?[0m  [["ãƒ¡ãƒ¼ã‚«ãƒ¼", "é ˆç£¨é›»å­"], ["LIMIT", 1]]
  â†³ app/controllers/kibans_controller.rb:22
  [1m[35m (0.0ms)[0m  [1m[36mbegin transaction[0m
  â†³ app/controllers/kibans_controller.rb:24
  [1m[35m (0.0ms)[0m  [1m[36mcommit transaction[0m
  â†³ app/controllers/kibans_controller.rb:24
  [1m[35m (0.0ms)[0m  [1m[36mbegin transaction[0m
  â†³ app/controllers/kibans_controller.rb:26
  [1m[35m (0.0ms)[0m  [1m[36mcommit transaction[0m
  â†³ app/controllers/kibans_controller.rb:26
  [1m[36mMakerDeadline Load (0.1ms)[0m  [1m[34mSELECT  "maker_deadlines".* FROM "maker_deadlines" WHERE "maker_deadlines"."ãƒ¡ãƒ¼ã‚«ãƒ¼" = ? LIMIT ?[0m  [["ãƒ¡ãƒ¼ã‚«ãƒ¼", "ãƒˆãƒ¼ã‚¿ã‚¹"], ["LIMIT", 1]]
  â†³ app/controllers/kibans_controller.rb:22
  [1m[35m (0.0ms)[0m  [1m[36mbegin transaction[0m
  â†³ app/controllers/kibans_controller.rb:24
  [1m[35m (0.0ms)[0m  [1m[36mcommit transaction[0m
  â†³ app/controllers/kibans_controller.rb:24
  [1m[35m (0.0ms)[0m  [1m[36mbegin transaction[0m
  â†³ app/controllers/kibans_controller.rb:27
  [1m[36mKiban Update (0.3ms)[0m  [1m[33mUPDATE "kibans" SET "æœŸé™é–“è¿‘" = ? WHERE "kibans"."id" = ?[0m  [["æœŸé™é–“è¿‘", 1], ["id", 2]]
  â†³ app/controllers/kibans_controller.rb:27
  [1m[35m (6.5ms)[0m  [1m[36mcommit transaction[0m
  â†³ app/controllers/kibans_controller.rb:27
DEPRECATION WARNING: Dangerous query method (method whose arguments are used as raw SQL) called with non-attribute argument(s): :çµŒéæ—¥. Non-attribute arguments will be disallowed in Rails 6.0. This method should not be called with user-provided values, such as request parameters or model attributes. Known-safe values can be passed by wrapping them in Arel.sql(). (called from index at /Users/satoru/kibans_management/app/controllers/kibans_controller.rb:36)
  Rendering kibans/index.html.erb within layouts/application
  [1m[36mKiban Load (0.4ms)[0m  [1m[34mSELECT "kibans".* FROM "kibans" WHERE "kibans"."æœŸé™é–“è¿‘" = ? ORDER BY "kibans"."çµŒéæ—¥" DESC[0m  [["æœŸé™é–“è¿‘", 1]]
  â†³ app/views/kibans/_table.html.erb:15
  Rendered kibans/_table.html.erb (4.1ms)
  Rendered kibans/index.html.erb within layouts/application (9.8ms)
Completed 200 OK in 91ms (Views: 57.6ms | ActiveRecord: 9.4ms)


